2023-02-23 15:30:24,866 [INFO] from akka.event.slf4j.Slf4jLogger in application-akka.actor.default-dispatcher-6 - Slf4jLogger started
2023-02-23 15:30:25,013 [INFO] from org.hibernate.validator.internal.util.Version in play-dev-mode-akka.actor.default-dispatcher-7 - HV000001: Hibernate Validator 6.1.0.Final
2023-02-23 15:30:25,227 [INFO] from play.api.http.EnabledFilters in play-dev-mode-akka.actor.default-dispatcher-7 - Enabled Filters (see <https://www.playframework.com/documentation/latest/Filters>):

    play.filters.csrf.CSRFFilter
    play.filters.headers.SecurityHeadersFilter
    play.filters.hosts.AllowedHostsFilter
    play.filters.csrf.CSRFFilter

2023-02-23 15:30:25,234 [INFO] from play.api.Play in play-dev-mode-akka.actor.default-dispatcher-7 - Application started (Dev) (no global state)
2023-02-23 15:32:13,996 [INFO] from akka.event.slf4j.Slf4jLogger in application-akka.actor.default-dispatcher-7 - Slf4jLogger started
2023-02-23 15:32:14,041 [INFO] from play.api.http.EnabledFilters in play-dev-mode-akka.actor.default-dispatcher-22 - Enabled Filters (see <https://www.playframework.com/documentation/latest/Filters>):

    play.filters.csrf.CSRFFilter
    play.filters.headers.SecurityHeadersFilter
    play.filters.hosts.AllowedHostsFilter
    play.filters.csrf.CSRFFilter

2023-02-23 15:32:14,044 [INFO] from play.api.Play in play-dev-mode-akka.actor.default-dispatcher-22 - Application started (Dev) (no global state)
2023-02-23 15:33:05,503 [INFO] from akka.event.slf4j.Slf4jLogger in application-akka.actor.default-dispatcher-6 - Slf4jLogger started
2023-02-23 15:33:05,538 [INFO] from play.api.http.EnabledFilters in play-dev-mode-akka.actor.default-dispatcher-9 - Enabled Filters (see <https://www.playframework.com/documentation/latest/Filters>):

    play.filters.csrf.CSRFFilter
    play.filters.headers.SecurityHeadersFilter
    play.filters.hosts.AllowedHostsFilter
    play.filters.csrf.CSRFFilter

2023-02-23 15:33:05,541 [INFO] from play.api.Play in play-dev-mode-akka.actor.default-dispatcher-9 - Application started (Dev) (no global state)
2023-02-23 15:33:50,917 [INFO] from akka.event.slf4j.Slf4jLogger in application-akka.actor.default-dispatcher-6 - Slf4jLogger started
2023-02-23 15:33:50,953 [INFO] from play.api.http.EnabledFilters in play-dev-mode-akka.actor.default-dispatcher-10 - Enabled Filters (see <https://www.playframework.com/documentation/latest/Filters>):

    play.filters.csrf.CSRFFilter
    play.filters.headers.SecurityHeadersFilter
    play.filters.hosts.AllowedHostsFilter
    play.filters.csrf.CSRFFilter

2023-02-23 15:33:50,956 [INFO] from play.api.Play in play-dev-mode-akka.actor.default-dispatcher-10 - Application started (Dev) (no global state)
2023-02-23 15:34:30,751 [INFO] from akka.event.slf4j.Slf4jLogger in application-akka.actor.default-dispatcher-6 - Slf4jLogger started
2023-02-23 15:34:30,790 [INFO] from play.api.http.EnabledFilters in play-dev-mode-akka.actor.default-dispatcher-21 - Enabled Filters (see <https://www.playframework.com/documentation/latest/Filters>):

    play.filters.csrf.CSRFFilter
    play.filters.headers.SecurityHeadersFilter
    play.filters.hosts.AllowedHostsFilter
    play.filters.csrf.CSRFFilter

2023-02-23 15:34:30,793 [INFO] from play.api.Play in play-dev-mode-akka.actor.default-dispatcher-21 - Application started (Dev) (no global state)
2023-02-23 15:35:16,214 [INFO] from akka.event.slf4j.Slf4jLogger in application-akka.actor.default-dispatcher-6 - Slf4jLogger started
2023-02-23 15:35:16,251 [INFO] from play.api.http.EnabledFilters in play-dev-mode-akka.actor.default-dispatcher-4 - Enabled Filters (see <https://www.playframework.com/documentation/latest/Filters>):

    play.filters.csrf.CSRFFilter
    play.filters.headers.SecurityHeadersFilter
    play.filters.hosts.AllowedHostsFilter
    play.filters.csrf.CSRFFilter

2023-02-23 15:35:16,255 [INFO] from play.api.Play in play-dev-mode-akka.actor.default-dispatcher-4 - Application started (Dev) (no global state)
2023-02-23 15:36:02,078 [INFO] from akka.event.slf4j.Slf4jLogger in application-akka.actor.default-dispatcher-7 - Slf4jLogger started
2023-02-23 15:36:02,111 [INFO] from play.api.http.EnabledFilters in play-dev-mode-akka.actor.default-dispatcher-22 - Enabled Filters (see <https://www.playframework.com/documentation/latest/Filters>):

    play.filters.csrf.CSRFFilter
    play.filters.headers.SecurityHeadersFilter
    play.filters.hosts.AllowedHostsFilter
    play.filters.csrf.CSRFFilter

2023-02-23 15:36:02,114 [INFO] from play.api.Play in play-dev-mode-akka.actor.default-dispatcher-22 - Application started (Dev) (no global state)
2023-02-23 15:37:35,108 [INFO] from akka.event.slf4j.Slf4jLogger in application-akka.actor.default-dispatcher-7 - Slf4jLogger started
2023-02-23 15:37:35,144 [INFO] from play.api.http.EnabledFilters in play-dev-mode-akka.actor.default-dispatcher-22 - Enabled Filters (see <https://www.playframework.com/documentation/latest/Filters>):

    play.filters.csrf.CSRFFilter
    play.filters.headers.SecurityHeadersFilter
    play.filters.hosts.AllowedHostsFilter
    play.filters.csrf.CSRFFilter

2023-02-23 15:37:35,147 [INFO] from play.api.Play in play-dev-mode-akka.actor.default-dispatcher-22 - Application started (Dev) (no global state)
2023-02-23 15:40:54,257 [INFO] from akka.event.slf4j.Slf4jLogger in application-akka.actor.default-dispatcher-6 - Slf4jLogger started
2023-02-23 15:40:54,292 [INFO] from play.api.http.EnabledFilters in play-dev-mode-akka.actor.default-dispatcher-4 - Enabled Filters (see <https://www.playframework.com/documentation/latest/Filters>):

    play.filters.csrf.CSRFFilter
    play.filters.headers.SecurityHeadersFilter
    play.filters.hosts.AllowedHostsFilter
    play.filters.csrf.CSRFFilter

2023-02-23 15:40:54,296 [INFO] from play.api.Play in play-dev-mode-akka.actor.default-dispatcher-4 - Application started (Dev) (no global state)
2023-02-23 15:41:50,594 [INFO] from akka.event.slf4j.Slf4jLogger in application-akka.actor.default-dispatcher-9 - Slf4jLogger started
2023-02-23 15:41:50,620 [INFO] from play.api.http.EnabledFilters in play-dev-mode-akka.actor.default-dispatcher-7 - Enabled Filters (see <https://www.playframework.com/documentation/latest/Filters>):

    play.filters.csrf.CSRFFilter
    play.filters.headers.SecurityHeadersFilter
    play.filters.hosts.AllowedHostsFilter
    play.filters.csrf.CSRFFilter

2023-02-23 15:41:50,623 [INFO] from play.api.Play in play-dev-mode-akka.actor.default-dispatcher-7 - Application started (Dev) (no global state)
2023-02-23 15:44:45,035 [INFO] from akka.event.slf4j.Slf4jLogger in application-akka.actor.default-dispatcher-5 - Slf4jLogger started
2023-02-23 15:44:45,058 [INFO] from play.api.http.EnabledFilters in play-dev-mode-akka.actor.default-dispatcher-9 - Enabled Filters (see <https://www.playframework.com/documentation/latest/Filters>):

    play.filters.csrf.CSRFFilter
    play.filters.headers.SecurityHeadersFilter
    play.filters.hosts.AllowedHostsFilter
    play.filters.csrf.CSRFFilter

2023-02-23 15:44:45,062 [INFO] from play.api.Play in play-dev-mode-akka.actor.default-dispatcher-9 - Application started (Dev) (no global state)
2023-02-23 15:54:12,731 [INFO] from akka.event.slf4j.Slf4jLogger in application-akka.actor.default-dispatcher-9 - Slf4jLogger started
2023-02-23 15:54:12,757 [INFO] from play.api.http.EnabledFilters in play-dev-mode-akka.actor.default-dispatcher-8 - Enabled Filters (see <https://www.playframework.com/documentation/latest/Filters>):

    play.filters.csrf.CSRFFilter
    play.filters.headers.SecurityHeadersFilter
    play.filters.hosts.AllowedHostsFilter
    play.filters.csrf.CSRFFilter

2023-02-23 15:54:12,766 [INFO] from play.api.Play in play-dev-mode-akka.actor.default-dispatcher-8 - Application started (Dev) (no global state)
2023-02-23 15:54:51,447 [INFO] from akka.event.slf4j.Slf4jLogger in application-akka.actor.default-dispatcher-7 - Slf4jLogger started
2023-02-23 15:54:51,470 [INFO] from play.api.http.EnabledFilters in play-dev-mode-akka.actor.default-dispatcher-8 - Enabled Filters (see <https://www.playframework.com/documentation/latest/Filters>):

    play.filters.csrf.CSRFFilter
    play.filters.headers.SecurityHeadersFilter
    play.filters.hosts.AllowedHostsFilter
    play.filters.csrf.CSRFFilter

2023-02-23 15:54:51,473 [INFO] from play.api.Play in play-dev-mode-akka.actor.default-dispatcher-8 - Application started (Dev) (no global state)
